{"total": {"lines":{"total":1059,"covered":1026,"skipped":0,"pct":96.88},"statements":{"total":1059,"covered":1026,"skipped":0,"pct":96.88},"functions":{"total":41,"covered":41,"skipped":0,"pct":100},"branches":{"total":84,"covered":74,"skipped":0,"pct":88.09},"branchesTrue":{"total":0,"covered":0,"skipped":0,"pct":100}}
,"C:\\xampp\\htdocs\\Ynov\\av2-alt-table\\src\\app.js": {"lines":{"total":14,"covered":14,"skipped":0,"pct":100},"functions":{"total":0,"covered":0,"skipped":0,"pct":100},"statements":{"total":14,"covered":14,"skipped":0,"pct":100},"branches":{"total":0,"covered":0,"skipped":0,"pct":100}}
,"C:\\xampp\\htdocs\\Ynov\\av2-alt-table\\src\\controllers\\KitchenController.js": {"lines":{"total":79,"covered":71,"skipped":0,"pct":89.87},"functions":{"total":5,"covered":5,"skipped":0,"pct":100},"statements":{"total":79,"covered":71,"skipped":0,"pct":89.87},"branches":{"total":10,"covered":8,"skipped":0,"pct":80}}
,"C:\\xampp\\htdocs\\Ynov\\av2-alt-table\\src\\controllers\\ShiftController.js": {"lines":{"total":83,"covered":74,"skipped":0,"pct":89.15},"functions":{"total":4,"covered":4,"skipped":0,"pct":100},"statements":{"total":83,"covered":74,"skipped":0,"pct":89.15},"branches":{"total":12,"covered":10,"skipped":0,"pct":83.33}}
,"C:\\xampp\\htdocs\\Ynov\\av2-alt-table\\src\\controllers\\TableController.js": {"lines":{"total":99,"covered":95,"skipped":0,"pct":95.95},"functions":{"total":3,"covered":3,"skipped":0,"pct":100},"statements":{"total":99,"covered":95,"skipped":0,"pct":95.95},"branches":{"total":9,"covered":8,"skipped":0,"pct":88.88}}
,"C:\\xampp\\htdocs\\Ynov\\av2-alt-table\\src\\database\\db.js": {"lines":{"total":13,"covered":13,"skipped":0,"pct":100},"functions":{"total":0,"covered":0,"skipped":0,"pct":100},"statements":{"total":13,"covered":13,"skipped":0,"pct":100},"branches":{"total":1,"covered":1,"skipped":0,"pct":100}}
,"C:\\xampp\\htdocs\\Ynov\\av2-alt-table\\src\\helpers\\checkDuplicatedTables.js": {"lines":{"total":11,"covered":11,"skipped":0,"pct":100},"functions":{"total":1,"covered":1,"skipped":0,"pct":100},"statements":{"total":11,"covered":11,"skipped":0,"pct":100},"branches":{"total":3,"covered":3,"skipped":0,"pct":100}}
,"C:\\xampp\\htdocs\\Ynov\\av2-alt-table\\src\\helpers\\checkNegativeNumbers.js": {"lines":{"total":11,"covered":11,"skipped":0,"pct":100},"functions":{"total":1,"covered":1,"skipped":0,"pct":100},"statements":{"total":11,"covered":11,"skipped":0,"pct":100},"branches":{"total":3,"covered":3,"skipped":0,"pct":100}}
,"C:\\xampp\\htdocs\\Ynov\\av2-alt-table\\src\\helpers\\formatPrice.js": {"lines":{"total":5,"covered":5,"skipped":0,"pct":100},"functions":{"total":1,"covered":1,"skipped":0,"pct":100},"statements":{"total":5,"covered":5,"skipped":0,"pct":100},"branches":{"total":1,"covered":1,"skipped":0,"pct":100}}
,"C:\\xampp\\htdocs\\Ynov\\av2-alt-table\\src\\models\\DishModel.js": {"lines":{"total":37,"covered":37,"skipped":0,"pct":100},"functions":{"total":0,"covered":0,"skipped":0,"pct":100},"statements":{"total":37,"covered":37,"skipped":0,"pct":100},"branches":{"total":0,"covered":0,"skipped":0,"pct":100}}
,"C:\\xampp\\htdocs\\Ynov\\av2-alt-table\\src\\models\\OrderModel.js": {"lines":{"total":30,"covered":30,"skipped":0,"pct":100},"functions":{"total":0,"covered":0,"skipped":0,"pct":100},"statements":{"total":30,"covered":30,"skipped":0,"pct":100},"branches":{"total":0,"covered":0,"skipped":0,"pct":100}}
,"C:\\xampp\\htdocs\\Ynov\\av2-alt-table\\src\\models\\RatingModel.js": {"lines":{"total":32,"covered":32,"skipped":0,"pct":100},"functions":{"total":0,"covered":0,"skipped":0,"pct":100},"statements":{"total":32,"covered":32,"skipped":0,"pct":100},"branches":{"total":0,"covered":0,"skipped":0,"pct":100}}
,"C:\\xampp\\htdocs\\Ynov\\av2-alt-table\\src\\models\\SeatingPlanModel.js": {"lines":{"total":19,"covered":19,"skipped":0,"pct":100},"functions":{"total":0,"covered":0,"skipped":0,"pct":100},"statements":{"total":19,"covered":19,"skipped":0,"pct":100},"branches":{"total":0,"covered":0,"skipped":0,"pct":100}}
,"C:\\xampp\\htdocs\\Ynov\\av2-alt-table\\src\\models\\ShiftModel.js": {"lines":{"total":19,"covered":19,"skipped":0,"pct":100},"functions":{"total":0,"covered":0,"skipped":0,"pct":100},"statements":{"total":19,"covered":19,"skipped":0,"pct":100},"branches":{"total":0,"covered":0,"skipped":0,"pct":100}}
,"C:\\xampp\\htdocs\\Ynov\\av2-alt-table\\src\\models\\TableModel.js": {"lines":{"total":41,"covered":41,"skipped":0,"pct":100},"functions":{"total":0,"covered":0,"skipped":0,"pct":100},"statements":{"total":41,"covered":41,"skipped":0,"pct":100},"branches":{"total":0,"covered":0,"skipped":0,"pct":100}}
,"C:\\xampp\\htdocs\\Ynov\\av2-alt-table\\src\\router\\router.js": {"lines":{"total":28,"covered":28,"skipped":0,"pct":100},"functions":{"total":0,"covered":0,"skipped":0,"pct":100},"statements":{"total":28,"covered":28,"skipped":0,"pct":100},"branches":{"total":0,"covered":0,"skipped":0,"pct":100}}
,"C:\\xampp\\htdocs\\Ynov\\av2-alt-table\\src\\services\\KitchenService.js": {"lines":{"total":91,"covered":83,"skipped":0,"pct":91.2},"functions":{"total":9,"covered":9,"skipped":0,"pct":100},"statements":{"total":91,"covered":83,"skipped":0,"pct":91.2},"branches":{"total":15,"covered":12,"skipped":0,"pct":80}}
,"C:\\xampp\\htdocs\\Ynov\\av2-alt-table\\src\\services\\ShiftService.js": {"lines":{"total":65,"covered":63,"skipped":0,"pct":96.92},"functions":{"total":6,"covered":6,"skipped":0,"pct":100},"statements":{"total":65,"covered":63,"skipped":0,"pct":96.92},"branches":{"total":12,"covered":11,"skipped":0,"pct":91.66}}
,"C:\\xampp\\htdocs\\Ynov\\av2-alt-table\\src\\services\\TableService.js": {"lines":{"total":115,"covered":113,"skipped":0,"pct":98.26},"functions":{"total":10,"covered":10,"skipped":0,"pct":100},"statements":{"total":115,"covered":113,"skipped":0,"pct":98.26},"branches":{"total":17,"covered":16,"skipped":0,"pct":94.11}}
,"C:\\xampp\\htdocs\\Ynov\\av2-alt-table\\tests\\fixtures\\dbSetup.js": {"lines":{"total":31,"covered":31,"skipped":0,"pct":100},"functions":{"total":1,"covered":1,"skipped":0,"pct":100},"statements":{"total":31,"covered":31,"skipped":0,"pct":100},"branches":{"total":1,"covered":1,"skipped":0,"pct":100}}
,"C:\\xampp\\htdocs\\Ynov\\av2-alt-table\\tests\\fixtures\\dish.js": {"lines":{"total":42,"covered":42,"skipped":0,"pct":100},"functions":{"total":0,"covered":0,"skipped":0,"pct":100},"statements":{"total":42,"covered":42,"skipped":0,"pct":100},"branches":{"total":0,"covered":0,"skipped":0,"pct":100}}
,"C:\\xampp\\htdocs\\Ynov\\av2-alt-table\\tests\\fixtures\\order.js": {"lines":{"total":44,"covered":44,"skipped":0,"pct":100},"functions":{"total":0,"covered":0,"skipped":0,"pct":100},"statements":{"total":44,"covered":44,"skipped":0,"pct":100},"branches":{"total":0,"covered":0,"skipped":0,"pct":100}}
,"C:\\xampp\\htdocs\\Ynov\\av2-alt-table\\tests\\fixtures\\rating.js": {"lines":{"total":45,"covered":45,"skipped":0,"pct":100},"functions":{"total":0,"covered":0,"skipped":0,"pct":100},"statements":{"total":45,"covered":45,"skipped":0,"pct":100},"branches":{"total":0,"covered":0,"skipped":0,"pct":100}}
,"C:\\xampp\\htdocs\\Ynov\\av2-alt-table\\tests\\fixtures\\seating-plan.js": {"lines":{"total":34,"covered":34,"skipped":0,"pct":100},"functions":{"total":0,"covered":0,"skipped":0,"pct":100},"statements":{"total":34,"covered":34,"skipped":0,"pct":100},"branches":{"total":0,"covered":0,"skipped":0,"pct":100}}
,"C:\\xampp\\htdocs\\Ynov\\av2-alt-table\\tests\\fixtures\\shift.js": {"lines":{"total":31,"covered":31,"skipped":0,"pct":100},"functions":{"total":0,"covered":0,"skipped":0,"pct":100},"statements":{"total":31,"covered":31,"skipped":0,"pct":100},"branches":{"total":0,"covered":0,"skipped":0,"pct":100}}
,"C:\\xampp\\htdocs\\Ynov\\av2-alt-table\\tests\\fixtures\\table.js": {"lines":{"total":40,"covered":40,"skipped":0,"pct":100},"functions":{"total":0,"covered":0,"skipped":0,"pct":100},"statements":{"total":40,"covered":40,"skipped":0,"pct":100},"branches":{"total":0,"covered":0,"skipped":0,"pct":100}}
}
